{"email":"gg@gg.com","token":"569759fcd0af4444128a8d23","level":"info","message":"User connexion : gg@gg.com","timestamp":"2016-01-14T08:22:56.235Z"}
{"email":"gg@gg.com","token":"569759fcd0af4444128a8d23","level":"info","message":"User connexion : gg@gg.com","timestamp":"2016-01-14T08:25:02.052Z"}
{"email":"gg@gg.com","token":"569759fcd0af4444128a8d23","level":"info","message":"User connexion : gg@gg.com","timestamp":"2016-01-14T08:27:36.634Z"}
{"email":"gg@gg.com","token":"569759fcd0af4444128a8d23","level":"info","message":"User connexion : gg@gg.com","timestamp":"2016-01-14T08:29:51.744Z"}
{"email":"gg@gg.com","token":"569759fcd0af4444128a8d23","level":"info","message":"User connexion : gg@gg.com","timestamp":"2016-01-14T08:31:00.377Z"}
{"email":"gg@gg.com","token":"569759fcd0af4444128a8d23","level":"info","message":"User connexion : gg@gg.com","timestamp":"2016-01-14T08:40:38.860Z"}
{"email":"gg@gg.com","token":"569759fcd0af4444128a8d23","level":"info","message":"User connexion : gg@gg.com","timestamp":"2016-01-14T09:07:59.271Z"}
{"email":"gg@gg.com","token":"569759fcd0af4444128a8d23","level":"info","message":"User connexion : gg@gg.com","timestamp":"2016-01-14T09:09:55.508Z"}
{"email":"gg@gg.com","token":"569759fcd0af4444128a8d23","level":"info","message":"User connexion : gg@gg.com","timestamp":"2016-01-14T09:19:37.781Z"}
{"email":"gg@gg.com","token":"56976ccf3d085afc190f6c1d","level":"info","message":"User connexion : gg@gg.com","timestamp":"2016-01-14T09:40:11.361Z"}
{"email":"gg@gg.com","token":"56976ccf3d085afc190f6c1d","level":"info","message":"User connexion : gg@gg.com","timestamp":"2016-01-14T10:03:43.607Z"}
{"email":"gg@gg.com","token":"56976ccf3d085afc190f6c1d","level":"info","message":"User connexion : gg@gg.com","timestamp":"2016-01-14T10:04:27.922Z"}
{"email":"gg@gg.com","token":"56976ccf3d085afc190f6c1d","level":"info","message":"User connexion : gg@gg.com","timestamp":"2016-01-14T10:44:58.382Z"}
{"email":"gg@gg.com","token":"56976ccf3d085afc190f6c1d","level":"info","message":"User connexion : gg@gg.com","timestamp":"2016-01-14T11:00:31.152Z"}
{"email":"gg@gg.com","token":"56976ccf3d085afc190f6c1d","level":"info","message":"User connexion : gg@gg.com","timestamp":"2016-01-14T11:01:17.238Z"}
{"email":"gg@gg.com","token":"56976ccf3d085afc190f6c1d","level":"info","message":"User connexion : gg@gg.com","timestamp":"2016-01-14T11:02:42.718Z"}
{"email":"gg@gg.com","token":"56976ccf3d085afc190f6c1d","level":"info","message":"User connexion : gg@gg.com","timestamp":"2016-01-14T11:14:54.864Z"}
{"email":"ga","token":"5697bd09c65144801fb36d8b","level":"info","message":"User connexion : ga","timestamp":"2016-01-14T15:21:56.844Z"}
{"email":"ddddd","token":"569ce2d1a2b9b3dc180788be","level":"info","message":"User connexion : ddddd","timestamp":"2016-01-18T13:04:35.347Z"}
{"email":"ddddd","token":"569ce2d1a2b9b3dc180788be","level":"info","message":"User connexion : ddddd","timestamp":"2016-01-18T13:05:02.375Z"}
{"email":"ggg","token":"569cf589b81d903019efc4b8","level":"info","message":"User connexion : ggg","timestamp":"2016-01-18T14:30:31.359Z"}
{"email":"ddddd","token":"569cfb55b81d903019efc4b9","level":"info","message":"User connexion : ddddd","timestamp":"2016-01-18T14:50:07.583Z"}
{"token":"569d184c0e4953b811f52b36","level":"info","message":"Authenticate user with token","timestamp":"2016-01-18T16:52:28.265Z"}
{"token":"569d184c0e4953b811f52b36","level":"info","message":"Authenticate user with token","timestamp":"2016-01-18T16:52:36.668Z"}
